This file contains any messages produced by compilers while
running configure, to aid debugging if configure makes a mistake.

It was created by sleuthkit configure 4.1.2, which was
generated by GNU Autoconf 2.69.  Invocation command line was

  $ ./configure 

## --------- ##
## Platform. ##
## --------- ##

hostname = Mansfields-MacBook-Pro.local
uname -m = x86_64
uname -r = 11.4.2
uname -s = Darwin
uname -v = Darwin Kernel Version 11.4.2: Thu Aug 23 16:25:48 PDT 2012; root:xnu-1699.32.7~1/RELEASE_X86_64

/usr/bin/uname -p = i386
/bin/uname -X     = unknown

/bin/arch              = unknown
/usr/bin/arch -k       = unknown
/usr/convex/getsysinfo = unknown
/usr/bin/hostinfo      = Mach kernel version:
	 Darwin Kernel Version 11.4.2: Thu Aug 23 16:25:48 PDT 2012; root:xnu-1699.32.7~1/RELEASE_X86_64
Kernel configured for up to 8 processors.
4 processors are physically available.
8 processors are logically available.
Processor type: i486 (Intel 80486)
Processors active: 0 1 2 3 4 5 6 7
Primary memory available: 8.00 gigabytes
Default processor set: 158 tasks, 1116 threads, 8 processors
Load average: 2.22, Mach factor: 5.77
/bin/machine           = unknown
/usr/bin/oslevel       = unknown
/bin/universe          = unknown

PATH: /usr/local/heroku/bin
PATH: /usr/local/bin
PATH: /usr/local/heroku/bin
PATH: /usr/local/bin
PATH: /usr/bin
PATH: /bin
PATH: /usr/sbin
PATH: /sbin
PATH: /usr/local/bin
PATH: /usr/X11/bin
PATH: /usr/local/MacGPG2/bin
PATH: /usr/texbin
PATH: /Users/mansfield/NVPACK/android-sdk-macosx/platform-tools
PATH: /Users/mansfield/NVPACK/android-sdk-macosx/tools
PATH: /usr/local/as-1.0.61.3/bin
PATH: /Users/mansfield/NVPACK/android-sdk-macosx/platform-tools
PATH: /Users/mansfield/NVPACK/android-sdk-macosx/tools


## ----------- ##
## Core tests. ##
## ----------- ##

configure:2660: checking for a BSD-compatible install
configure:2728: result: /usr/bin/install -c
configure:2739: checking whether build environment is sane
configure:2794: result: yes
configure:2945: checking for a thread-safe mkdir -p
configure:2984: result: config/install-sh -c -d
configure:2991: checking for gawk
configure:3021: result: no
configure:2991: checking for mawk
configure:3021: result: no
configure:2991: checking for nawk
configure:3021: result: no
configure:2991: checking for awk
configure:3007: found /usr/bin/awk
configure:3018: result: awk
configure:3029: checking whether make sets $(MAKE)
configure:3051: result: yes
configure:3171: checking for cppunit-config
configure:3202: result: no
configure:3212: checking for Cppunit - version >= 1.12.1
configure:3216: result: no
configure:3315: checking build system type
configure:3329: result: i386-apple-darwin11.4.2
configure:3349: checking host system type
configure:3362: result: i386-apple-darwin11.4.2
configure:3403: checking how to print strings
configure:3430: result: printf
configure:3463: checking for style of include used by make
configure:3491: result: GNU
configure:3562: checking for gcc
configure:3578: found /usr/bin/gcc
configure:3589: result: gcc
configure:3818: checking for C compiler version
configure:3827: gcc --version >&5
i686-apple-darwin11-llvm-gcc-4.2 (GCC) 4.2.1 (Based on Apple Inc. build 5658) (LLVM build 2336.1.00)
Copyright (C) 2007 Free Software Foundation, Inc.
This is free software; see the source for copying conditions.  There is NO
warranty; not even for MERCHANTABILITY or FITNESS FOR A PARTICULAR PURPOSE.

configure:3838: $? = 0
configure:3827: gcc -v >&5
Using built-in specs.
Target: i686-apple-darwin11
Configured with: /private/var/tmp/llvmgcc42/llvmgcc42-2336.1~22/src/configure --disable-checking --enable-werror --prefix=/Developer/usr/llvm-gcc-4.2 --mandir=/share/man --enable-languages=c,objc,c++,obj-c++ --program-prefix=llvm- --program-transform-name=/^[cg][^.-]*$/s/$/-4.2/ --with-slibdir=/usr/lib --build=i686-apple-darwin11 --enable-llvm=/private/var/tmp/llvmgcc42/llvmgcc42-2336.1~22/dst-llvmCore/Developer/usr/local --program-prefix=i686-apple-darwin11- --host=x86_64-apple-darwin11 --target=i686-apple-darwin11 --with-gxx-include-dir=/usr/include/c++/4.2.1
Thread model: posix
gcc version 4.2.1 (Based on Apple Inc. build 5658) (LLVM build 2336.1.00)
configure:3838: $? = 0
configure:3827: gcc -V >&5
llvm-gcc-4.2: argument to `-V' is missing
configure:3838: $? = 1
configure:3827: gcc -qversion >&5
i686-apple-darwin11-llvm-gcc-4.2: no input files
configure:3838: $? = 1
configure:3858: checking whether the C compiler works
configure:3880: gcc    conftest.c  >&5
configure:3884: $? = 0
configure:3932: result: yes
configure:3935: checking for C compiler default output file name
configure:3937: result: a.out
configure:3943: checking for suffix of executables
configure:3950: gcc -o conftest    conftest.c  >&5
configure:3954: $? = 0
configure:3976: result: 
configure:3998: checking whether we are cross compiling
configure:4006: gcc -o conftest    conftest.c  >&5
configure:4010: $? = 0
configure:4017: ./conftest
configure:4021: $? = 0
configure:4036: result: no
configure:4041: checking for suffix of object files
configure:4063: gcc -c   conftest.c >&5
configure:4067: $? = 0
configure:4088: result: o
configure:4092: checking whether we are using the GNU C compiler
configure:4111: gcc -c   conftest.c >&5
configure:4111: $? = 0
configure:4120: result: yes
configure:4129: checking whether gcc accepts -g
configure:4149: gcc -c -g  conftest.c >&5
configure:4149: $? = 0
configure:4190: result: yes
configure:4207: checking for gcc option to accept ISO C89
configure:4270: gcc  -c -g -O2  conftest.c >&5
configure:4270: $? = 0
configure:4283: result: none needed
configure:4305: checking dependency style of gcc
configure:4416: result: gcc3
configure:4431: checking for a sed that does not truncate output
configure:4495: result: /usr/bin/sed
configure:4513: checking for grep that handles long lines and -e
configure:4571: result: /usr/bin/grep
configure:4576: checking for egrep
configure:4638: result: /usr/bin/grep -E
configure:4643: checking for fgrep
configure:4705: result: /usr/bin/grep -F
configure:4740: checking for ld used by gcc
configure:4807: result: /usr/llvm-gcc-4.2/libexec/gcc/i686-apple-darwin11/4.2.1/ld
configure:4814: checking if the linker (/usr/llvm-gcc-4.2/libexec/gcc/i686-apple-darwin11/4.2.1/ld) is GNU ld
configure:4829: result: no
configure:4841: checking for BSD- or MS-compatible name lister (nm)
configure:4890: result: /usr/bin/nm
configure:5020: checking the name lister (/usr/bin/nm) interface
configure:5027: gcc -c -g -O2  conftest.c >&5
configure:5030: /usr/bin/nm "conftest.o"
configure:5033: output
00000000000001ec S _some_variable
configure:5040: result: BSD nm
configure:5043: checking whether ln -s works
configure:5047: result: yes
configure:5055: checking the maximum length of command line arguments
configure:5185: result: 196608
configure:5202: checking whether the shell understands some XSI constructs
configure:5212: result: yes
configure:5216: checking whether the shell understands "+="
configure:5222: result: yes
configure:5257: checking how to convert i386-apple-darwin11.4.2 file names to i386-apple-darwin11.4.2 format
configure:5297: result: func_convert_file_noop
configure:5304: checking how to convert i386-apple-darwin11.4.2 file names to toolchain format
configure:5324: result: func_convert_file_noop
configure:5331: checking for /usr/llvm-gcc-4.2/libexec/gcc/i686-apple-darwin11/4.2.1/ld option to reload object files
configure:5338: result: -r
configure:5412: checking for objdump
configure:5442: result: no
configure:5471: checking how to recognize dependent libraries
configure:5673: result: pass_all
configure:5758: checking for dlltool
configure:5788: result: no
configure:5818: checking how to associate runtime and link libraries
configure:5845: result: printf %s\n
configure:5906: checking for ar
configure:5922: found /usr/bin/ar
configure:5933: result: ar
configure:5970: checking for archiver @FILE support
configure:5987: gcc -c -g -O2  conftest.c >&5
configure:5987: $? = 0
configure:5990: ar cru libconftest.a @conftest.lst >&5
ar: @conftest.lst: No such file or directory
configure:5993: $? = 1
configure:6013: result: no
configure:6071: checking for strip
configure:6087: found /usr/bin/strip
configure:6098: result: strip
configure:6170: checking for ranlib
configure:6186: found /usr/bin/ranlib
configure:6197: result: ranlib
configure:6299: checking command to parse /usr/bin/nm output from gcc object
configure:6419: gcc -c -g -O2  conftest.c >&5
configure:6422: $? = 0
configure:6426: /usr/bin/nm conftest.o \| sed -n -e 's/^.*[ ]\([BCDEGRST][BCDEGRST]*\)[ ][ ]*\([_A-Za-z][_A-Za-z0-9]*\)$/\1 \2 \2/p' | sed '/ __gnu_lto/d' \> conftest.nm
configure:6429: $? = 0
cannot find nm_test_var in conftest.nm
configure:6419: gcc -c -g -O2  conftest.c >&5
configure:6422: $? = 0
configure:6426: /usr/bin/nm conftest.o \| sed -n -e 's/^.*[ ]\([BCDEGRST][BCDEGRST]*\)[ ][ ]*_\([_A-Za-z][_A-Za-z0-9]*\)$/\1 _\2 \2/p' | sed '/ __gnu_lto/d' \> conftest.nm
configure:6429: $? = 0
configure:6495: gcc -o conftest -g -O2   conftest.c conftstm.o >&5
configure:6498: $? = 0
configure:6536: result: ok
configure:6573: checking for sysroot
configure:6603: result: no
configure:6859: checking for mt
configure:6889: result: no
configure:6909: checking if : is a manifest tool
configure:6915: : '-?'
configure:6923: result: no
configure:6979: checking for dsymutil
configure:6995: found /usr/bin/dsymutil
configure:7006: result: dsymutil
configure:7071: checking for nmedit
configure:7087: found /usr/bin/nmedit
configure:7098: result: nmedit
configure:7163: checking for lipo
configure:7179: found /usr/bin/lipo
configure:7190: result: lipo
configure:7255: checking for otool
configure:7271: found /usr/bin/otool
configure:7282: result: otool
configure:7347: checking for otool64
configure:7377: result: no
configure:7422: checking for -single_module linker flag
gcc -g -O2  -o libconftest.dylib -dynamiclib -Wl,-single_module conftest.c
configure:7455: result: yes
configure:7458: checking for -exported_symbols_list linker flag
configure:7478: gcc -o conftest -g -O2   -Wl,-exported_symbols_list,conftest.sym conftest.c  >&5
configure:7478: $? = 0
configure:7488: result: yes
configure:7491: checking for -force_load linker flag
gcc -g -O2 -c -o conftest.o conftest.c
ar cru libconftest.a conftest.o
ranlib libconftest.a
gcc -g -O2  -o conftest conftest.c -Wl,-force_load,./libconftest.a
configure:7523: result: yes
configure:7565: checking how to run the C preprocessor
configure:7596: gcc -E  conftest.c
configure:7596: $? = 0
configure:7610: gcc -E  conftest.c
conftest.c:11:28: error: ac_nonexistent.h: No such file or directory
configure:7610: $? = 1
configure: failed program was:
| /* confdefs.h */
| #define PACKAGE_NAME "sleuthkit"
| #define PACKAGE_TARNAME "sleuthkit"
| #define PACKAGE_VERSION "4.1.2"
| #define PACKAGE_STRING "sleuthkit 4.1.2"
| #define PACKAGE_BUGREPORT ""
| #define PACKAGE_URL ""
| #define PACKAGE "sleuthkit"
| #define VERSION "4.1.2"
| /* end confdefs.h.  */
| #include <ac_nonexistent.h>
configure:7635: result: gcc -E
configure:7655: gcc -E  conftest.c
configure:7655: $? = 0
configure:7669: gcc -E  conftest.c
conftest.c:11:28: error: ac_nonexistent.h: No such file or directory
configure:7669: $? = 1
configure: failed program was:
| /* confdefs.h */
| #define PACKAGE_NAME "sleuthkit"
| #define PACKAGE_TARNAME "sleuthkit"
| #define PACKAGE_VERSION "4.1.2"
| #define PACKAGE_STRING "sleuthkit 4.1.2"
| #define PACKAGE_BUGREPORT ""
| #define PACKAGE_URL ""
| #define PACKAGE "sleuthkit"
| #define VERSION "4.1.2"
| /* end confdefs.h.  */
| #include <ac_nonexistent.h>
configure:7698: checking for ANSI C header files
configure:7718: gcc -c -g -O2  conftest.c >&5
configure:7718: $? = 0
configure:7791: gcc -o conftest -g -O2   conftest.c  >&5
configure:7791: $? = 0
configure:7791: ./conftest
configure:7791: $? = 0
configure:7802: result: yes
configure:7815: checking for sys/types.h
configure:7815: gcc -c -g -O2  conftest.c >&5
configure:7815: $? = 0
configure:7815: result: yes
configure:7815: checking for sys/stat.h
configure:7815: gcc -c -g -O2  conftest.c >&5
configure:7815: $? = 0
configure:7815: result: yes
configure:7815: checking for stdlib.h
configure:7815: gcc -c -g -O2  conftest.c >&5
configure:7815: $? = 0
configure:7815: result: yes
configure:7815: checking for string.h
configure:7815: gcc -c -g -O2  conftest.c >&5
configure:7815: $? = 0
configure:7815: result: yes
configure:7815: checking for memory.h
configure:7815: gcc -c -g -O2  conftest.c >&5
configure:7815: $? = 0
configure:7815: result: yes
configure:7815: checking for strings.h
configure:7815: gcc -c -g -O2  conftest.c >&5
configure:7815: $? = 0
configure:7815: result: yes
configure:7815: checking for inttypes.h
configure:7815: gcc -c -g -O2  conftest.c >&5
configure:7815: $? = 0
configure:7815: result: yes
configure:7815: checking for stdint.h
configure:7815: gcc -c -g -O2  conftest.c >&5
configure:7815: $? = 0
configure:7815: result: yes
configure:7815: checking for unistd.h
configure:7815: gcc -c -g -O2  conftest.c >&5
configure:7815: $? = 0
configure:7815: result: yes
configure:7829: checking for dlfcn.h
configure:7829: gcc -c -g -O2  conftest.c >&5
configure:7829: $? = 0
configure:7829: result: yes
configure:8035: checking for objdir
configure:8050: result: .libs
configure:8317: checking if gcc supports -fno-rtti -fno-exceptions
configure:8335: gcc -c -g -O2  -fno-rtti -fno-exceptions conftest.c >&5
cc1: warning: command line option "-fno-rtti" is valid for C++/ObjC++ but not for C
configure:8339: $? = 0
configure:8352: result: no
configure:8679: checking for gcc option to produce PIC
configure:8686: result: -fno-common -DPIC
configure:8694: checking if gcc PIC flag -fno-common -DPIC works
configure:8712: gcc -c -g -O2  -fno-common -DPIC -DPIC conftest.c >&5
configure:8716: $? = 0
configure:8729: result: yes
configure:8758: checking if gcc static flag -static works
configure:8786: result: no
configure:8801: checking if gcc supports -c -o file.o
configure:8822: gcc -c -g -O2  -o out/conftest2.o conftest.c >&5
configure:8826: $? = 0
configure:8848: result: yes
configure:8856: checking if gcc supports -c -o file.o
configure:8903: result: yes
configure:8936: checking whether the gcc linker (/usr/llvm-gcc-4.2/libexec/gcc/i686-apple-darwin11/4.2.1/ld) supports shared libraries
configure:10089: result: yes
configure:10329: checking dynamic linker characteristics
configure:11062: result: darwin11.4.2 dyld
configure:11169: checking how to hardcode library paths into programs
configure:11194: result: immediate
configure:11734: checking whether stripping libraries is possible
configure:11748: result: yes
configure:11774: checking if libtool supports shared libraries
configure:11776: result: yes
configure:11779: checking whether to build shared libraries
configure:11800: result: yes
configure:11803: checking whether to build static libraries
configure:11807: result: yes
configure:11845: checking whether to enable maintainer-specific portions of Makefiles
configure:11854: result: no
configure:11928: checking for g++
configure:11944: found /usr/bin/g++
configure:11955: result: g++
configure:11982: checking for C++ compiler version
configure:11991: g++ --version >&5
i686-apple-darwin11-llvm-g++-4.2 (GCC) 4.2.1 (Based on Apple Inc. build 5658) (LLVM build 2336.1.00)
Copyright (C) 2007 Free Software Foundation, Inc.
This is free software; see the source for copying conditions.  There is NO
warranty; not even for MERCHANTABILITY or FITNESS FOR A PARTICULAR PURPOSE.

configure:12002: $? = 0
configure:11991: g++ -v >&5
Using built-in specs.
Target: i686-apple-darwin11
Configured with: /private/var/tmp/llvmgcc42/llvmgcc42-2336.1~22/src/configure --disable-checking --enable-werror --prefix=/Developer/usr/llvm-gcc-4.2 --mandir=/share/man --enable-languages=c,objc,c++,obj-c++ --program-prefix=llvm- --program-transform-name=/^[cg][^.-]*$/s/$/-4.2/ --with-slibdir=/usr/lib --build=i686-apple-darwin11 --enable-llvm=/private/var/tmp/llvmgcc42/llvmgcc42-2336.1~22/dst-llvmCore/Developer/usr/local --program-prefix=i686-apple-darwin11- --host=x86_64-apple-darwin11 --target=i686-apple-darwin11 --with-gxx-include-dir=/usr/include/c++/4.2.1
Thread model: posix
gcc version 4.2.1 (Based on Apple Inc. build 5658) (LLVM build 2336.1.00)
configure:12002: $? = 0
configure:11991: g++ -V >&5
llvm-g++-4.2: argument to `-V' is missing
configure:12002: $? = 1
configure:11991: g++ -qversion >&5
i686-apple-darwin11-llvm-g++-4.2: no input files
configure:12002: $? = 1
configure:12006: checking whether we are using the GNU C++ compiler
configure:12025: g++ -c   conftest.cpp >&5
configure:12025: $? = 0
configure:12034: result: yes
configure:12043: checking whether g++ accepts -g
configure:12063: g++ -c -g  conftest.cpp >&5
configure:12063: $? = 0
configure:12104: result: yes
configure:12129: checking dependency style of g++
configure:12240: result: gcc3
configure:12273: checking how to run the C++ preprocessor
configure:12300: g++ -E  conftest.cpp
configure:12300: $? = 0
configure:12314: g++ -E  conftest.cpp
conftest.cpp:23:28: error: ac_nonexistent.h: No such file or directory
configure:12314: $? = 1
configure: failed program was:
| /* confdefs.h */
| #define PACKAGE_NAME "sleuthkit"
| #define PACKAGE_TARNAME "sleuthkit"
| #define PACKAGE_VERSION "4.1.2"
| #define PACKAGE_STRING "sleuthkit 4.1.2"
| #define PACKAGE_BUGREPORT ""
| #define PACKAGE_URL ""
| #define PACKAGE "sleuthkit"
| #define VERSION "4.1.2"
| #define STDC_HEADERS 1
| #define HAVE_SYS_TYPES_H 1
| #define HAVE_SYS_STAT_H 1
| #define HAVE_STDLIB_H 1
| #define HAVE_STRING_H 1
| #define HAVE_MEMORY_H 1
| #define HAVE_STRINGS_H 1
| #define HAVE_INTTYPES_H 1
| #define HAVE_STDINT_H 1
| #define HAVE_UNISTD_H 1
| #define HAVE_DLFCN_H 1
| #define LT_OBJDIR ".libs/"
| /* end confdefs.h.  */
| #include <ac_nonexistent.h>
configure:12339: result: g++ -E
configure:12359: g++ -E  conftest.cpp
configure:12359: $? = 0
configure:12373: g++ -E  conftest.cpp
conftest.cpp:23:28: error: ac_nonexistent.h: No such file or directory
configure:12373: $? = 1
configure: failed program was:
| /* confdefs.h */
| #define PACKAGE_NAME "sleuthkit"
| #define PACKAGE_TARNAME "sleuthkit"
| #define PACKAGE_VERSION "4.1.2"
| #define PACKAGE_STRING "sleuthkit 4.1.2"
| #define PACKAGE_BUGREPORT ""
| #define PACKAGE_URL ""
| #define PACKAGE "sleuthkit"
| #define VERSION "4.1.2"
| #define STDC_HEADERS 1
| #define HAVE_SYS_TYPES_H 1
| #define HAVE_SYS_STAT_H 1
| #define HAVE_STDLIB_H 1
| #define HAVE_STRING_H 1
| #define HAVE_MEMORY_H 1
| #define HAVE_STRINGS_H 1
| #define HAVE_INTTYPES_H 1
| #define HAVE_STDINT_H 1
| #define HAVE_UNISTD_H 1
| #define HAVE_DLFCN_H 1
| #define LT_OBJDIR ".libs/"
| /* end confdefs.h.  */
| #include <ac_nonexistent.h>
configure:12542: checking for ld used by g++
configure:12609: result: /usr/llvm-gcc-4.2/libexec/gcc/i686-apple-darwin11/4.2.1/ld
configure:12616: checking if the linker (/usr/llvm-gcc-4.2/libexec/gcc/i686-apple-darwin11/4.2.1/ld) is GNU ld
configure:12631: result: no
configure:12686: checking whether the g++ linker (/usr/llvm-gcc-4.2/libexec/gcc/i686-apple-darwin11/4.2.1/ld) supports shared libraries
configure:13691: result: yes
configure:13727: g++ -c -g -O2  conftest.cpp >&5
configure:13730: $? = 0
configure:14250: checking for g++ option to produce PIC
configure:14257: result: -fno-common -DPIC
configure:14265: checking if g++ PIC flag -fno-common -DPIC works
configure:14283: g++ -c -g -O2  -fno-common -DPIC -DPIC conftest.cpp >&5
configure:14287: $? = 0
configure:14300: result: yes
configure:14323: checking if g++ static flag -static works
configure:14351: result: no
configure:14363: checking if g++ supports -c -o file.o
configure:14384: g++ -c -g -O2  -o out/conftest2.o conftest.cpp >&5
configure:14388: $? = 0
configure:14410: result: yes
configure:14415: checking if g++ supports -c -o file.o
configure:14462: result: yes
configure:14492: checking whether the g++ linker (/usr/llvm-gcc-4.2/libexec/gcc/i686-apple-darwin11/4.2.1/ld) supports shared libraries
configure:14528: result: yes
configure:14669: checking dynamic linker characteristics
configure:15336: result: darwin11.4.2 dyld
configure:15389: checking how to hardcode library paths into programs
configure:15414: result: immediate
configure:15502: checking for gcc
configure:15529: result: gcc
configure:15758: checking for C compiler version
configure:15767: gcc --version >&5
i686-apple-darwin11-llvm-gcc-4.2 (GCC) 4.2.1 (Based on Apple Inc. build 5658) (LLVM build 2336.1.00)
Copyright (C) 2007 Free Software Foundation, Inc.
This is free software; see the source for copying conditions.  There is NO
warranty; not even for MERCHANTABILITY or FITNESS FOR A PARTICULAR PURPOSE.

configure:15778: $? = 0
configure:15767: gcc -v >&5
Using built-in specs.
Target: i686-apple-darwin11
Configured with: /private/var/tmp/llvmgcc42/llvmgcc42-2336.1~22/src/configure --disable-checking --enable-werror --prefix=/Developer/usr/llvm-gcc-4.2 --mandir=/share/man --enable-languages=c,objc,c++,obj-c++ --program-prefix=llvm- --program-transform-name=/^[cg][^.-]*$/s/$/-4.2/ --with-slibdir=/usr/lib --build=i686-apple-darwin11 --enable-llvm=/private/var/tmp/llvmgcc42/llvmgcc42-2336.1~22/dst-llvmCore/Developer/usr/local --program-prefix=i686-apple-darwin11- --host=x86_64-apple-darwin11 --target=i686-apple-darwin11 --with-gxx-include-dir=/usr/include/c++/4.2.1
Thread model: posix
gcc version 4.2.1 (Based on Apple Inc. build 5658) (LLVM build 2336.1.00)
configure:15778: $? = 0
configure:15767: gcc -V >&5
llvm-gcc-4.2: argument to `-V' is missing
configure:15778: $? = 1
configure:15767: gcc -qversion >&5
i686-apple-darwin11-llvm-gcc-4.2: no input files
configure:15778: $? = 1
configure:15782: checking whether we are using the GNU C compiler
configure:15810: result: yes
configure:15819: checking whether gcc accepts -g
configure:15880: result: yes
configure:15897: checking for gcc option to accept ISO C89
configure:15973: result: none needed
configure:15995: checking dependency style of gcc
configure:16106: result: gcc3
configure:16126: checking how to run the C preprocessor
configure:16196: result: gcc -E
configure:16216: gcc -E  conftest.c
configure:16216: $? = 0
configure:16230: gcc -E  conftest.c
conftest.c:23:28: error: ac_nonexistent.h: No such file or directory
configure:16230: $? = 1
configure: failed program was:
| /* confdefs.h */
| #define PACKAGE_NAME "sleuthkit"
| #define PACKAGE_TARNAME "sleuthkit"
| #define PACKAGE_VERSION "4.1.2"
| #define PACKAGE_STRING "sleuthkit 4.1.2"
| #define PACKAGE_BUGREPORT ""
| #define PACKAGE_URL ""
| #define PACKAGE "sleuthkit"
| #define VERSION "4.1.2"
| #define STDC_HEADERS 1
| #define HAVE_SYS_TYPES_H 1
| #define HAVE_SYS_STAT_H 1
| #define HAVE_STDLIB_H 1
| #define HAVE_STRING_H 1
| #define HAVE_MEMORY_H 1
| #define HAVE_STRINGS_H 1
| #define HAVE_INTTYPES_H 1
| #define HAVE_STDINT_H 1
| #define HAVE_UNISTD_H 1
| #define HAVE_DLFCN_H 1
| #define LT_OBJDIR ".libs/"
| /* end confdefs.h.  */
| #include <ac_nonexistent.h>
configure:16259: checking whether ln -s works
configure:16263: result: yes
configure:16270: checking whether make sets $(MAKE)
configure:16292: result: yes
configure:16303: checking for perl
configure:16321: found /usr/bin/perl
configure:16333: result: /usr/bin/perl
configure:16344: checking for ANSI C header files
configure:16448: result: yes
configure:16462: checking err.h usability
configure:16462: gcc -c -g -O2  conftest.c >&5
configure:16462: $? = 0
configure:16462: result: yes
configure:16462: checking err.h presence
configure:16462: gcc -E  conftest.c
configure:16462: $? = 0
configure:16462: result: yes
configure:16462: checking for err.h
configure:16462: result: yes
configure:16462: checking for inttypes.h
configure:16462: result: yes
configure:16462: checking for unistd.h
configure:16462: result: yes
configure:16462: checking for stdint.h
configure:16462: result: yes
configure:16462: checking sys/param.h usability
configure:16462: gcc -c -g -O2  conftest.c >&5
configure:16462: $? = 0
configure:16462: result: yes
configure:16462: checking sys/param.h presence
configure:16462: gcc -E  conftest.c
configure:16462: $? = 0
configure:16462: result: yes
configure:16462: checking for sys/param.h
configure:16462: result: yes
configure:16462: checking sys/resource.h usability
configure:16462: gcc -c -g -O2  conftest.c >&5
configure:16462: $? = 0
configure:16462: result: yes
configure:16462: checking sys/resource.h presence
configure:16462: gcc -E  conftest.c
configure:16462: $? = 0
configure:16462: result: yes
configure:16462: checking for sys/resource.h
configure:16462: result: yes
configure:16474: checking for stdbool.h that conforms to C99
configure:16541: gcc -c -g -O2  conftest.c >&5
configure:16541: $? = 0
configure:16548: result: yes
configure:16550: checking for _Bool
configure:16550: gcc -c -g -O2  conftest.c >&5
configure:16550: $? = 0
configure:16550: gcc -c -g -O2  conftest.c >&5
conftest.c: In function 'main':
conftest.c:66: error: expected expression before ')' token
configure:16550: $? = 1
configure: failed program was:
| /* confdefs.h */
| #define PACKAGE_NAME "sleuthkit"
| #define PACKAGE_TARNAME "sleuthkit"
| #define PACKAGE_VERSION "4.1.2"
| #define PACKAGE_STRING "sleuthkit 4.1.2"
| #define PACKAGE_BUGREPORT ""
| #define PACKAGE_URL ""
| #define PACKAGE "sleuthkit"
| #define VERSION "4.1.2"
| #define STDC_HEADERS 1
| #define HAVE_SYS_TYPES_H 1
| #define HAVE_SYS_STAT_H 1
| #define HAVE_STDLIB_H 1
| #define HAVE_STRING_H 1
| #define HAVE_MEMORY_H 1
| #define HAVE_STRINGS_H 1
| #define HAVE_INTTYPES_H 1
| #define HAVE_STDINT_H 1
| #define HAVE_UNISTD_H 1
| #define HAVE_DLFCN_H 1
| #define LT_OBJDIR ".libs/"
| #define STDC_HEADERS 1
| #define HAVE_ERR_H 1
| #define HAVE_INTTYPES_H 1
| #define HAVE_UNISTD_H 1
| #define HAVE_STDINT_H 1
| #define HAVE_SYS_PARAM_H 1
| #define HAVE_SYS_RESOURCE_H 1
| /* end confdefs.h.  */
| #include <stdio.h>
| #ifdef HAVE_SYS_TYPES_H
| # include <sys/types.h>
| #endif
| #ifdef HAVE_SYS_STAT_H
| # include <sys/stat.h>
| #endif
| #ifdef STDC_HEADERS
| # include <stdlib.h>
| # include <stddef.h>
| #else
| # ifdef HAVE_STDLIB_H
| #  include <stdlib.h>
| # endif
| #endif
| #ifdef HAVE_STRING_H
| # if !defined STDC_HEADERS && defined HAVE_MEMORY_H
| #  include <memory.h>
| # endif
| # include <string.h>
| #endif
| #ifdef HAVE_STRINGS_H
| # include <strings.h>
| #endif
| #ifdef HAVE_INTTYPES_H
| # include <inttypes.h>
| #endif
| #ifdef HAVE_STDINT_H
| # include <stdint.h>
| #endif
| #ifdef HAVE_UNISTD_H
| # include <unistd.h>
| #endif
| int
| main ()
| {
| if (sizeof ((_Bool)))
| 	    return 0;
|   ;
|   return 0;
| }
configure:16550: result: yes
configure:16567: checking for an ANSI C-conforming const
configure:16633: gcc -c -g -O2  conftest.c >&5
configure:16633: $? = 0
configure:16640: result: yes
configure:16648: checking for uid_t in sys/types.h
configure:16667: result: yes
configure:16678: checking for mode_t
configure:16678: gcc -c -g -O2  conftest.c >&5
configure:16678: $? = 0
configure:16678: gcc -c -g -O2  conftest.c >&5
conftest.c: In function 'main':
conftest.c:68: error: expected expression before ')' token
configure:16678: $? = 1
configure: failed program was:
| /* confdefs.h */
| #define PACKAGE_NAME "sleuthkit"
| #define PACKAGE_TARNAME "sleuthkit"
| #define PACKAGE_VERSION "4.1.2"
| #define PACKAGE_STRING "sleuthkit 4.1.2"
| #define PACKAGE_BUGREPORT ""
| #define PACKAGE_URL ""
| #define PACKAGE "sleuthkit"
| #define VERSION "4.1.2"
| #define STDC_HEADERS 1
| #define HAVE_SYS_TYPES_H 1
| #define HAVE_SYS_STAT_H 1
| #define HAVE_STDLIB_H 1
| #define HAVE_STRING_H 1
| #define HAVE_MEMORY_H 1
| #define HAVE_STRINGS_H 1
| #define HAVE_INTTYPES_H 1
| #define HAVE_STDINT_H 1
| #define HAVE_UNISTD_H 1
| #define HAVE_DLFCN_H 1
| #define LT_OBJDIR ".libs/"
| #define STDC_HEADERS 1
| #define HAVE_ERR_H 1
| #define HAVE_INTTYPES_H 1
| #define HAVE_UNISTD_H 1
| #define HAVE_STDINT_H 1
| #define HAVE_SYS_PARAM_H 1
| #define HAVE_SYS_RESOURCE_H 1
| #define HAVE__BOOL 1
| #define HAVE_STDBOOL_H 1
| /* end confdefs.h.  */
| #include <stdio.h>
| #ifdef HAVE_SYS_TYPES_H
| # include <sys/types.h>
| #endif
| #ifdef HAVE_SYS_STAT_H
| # include <sys/stat.h>
| #endif
| #ifdef STDC_HEADERS
| # include <stdlib.h>
| # include <stddef.h>
| #else
| # ifdef HAVE_STDLIB_H
| #  include <stdlib.h>
| # endif
| #endif
| #ifdef HAVE_STRING_H
| # if !defined STDC_HEADERS && defined HAVE_MEMORY_H
| #  include <memory.h>
| # endif
| # include <string.h>
| #endif
| #ifdef HAVE_STRINGS_H
| # include <strings.h>
| #endif
| #ifdef HAVE_INTTYPES_H
| # include <inttypes.h>
| #endif
| #ifdef HAVE_STDINT_H
| # include <stdint.h>
| #endif
| #ifdef HAVE_UNISTD_H
| # include <unistd.h>
| #endif
| int
| main ()
| {
| if (sizeof ((mode_t)))
| 	    return 0;
|   ;
|   return 0;
| }
configure:16678: result: yes
configure:16689: checking for off_t
configure:16689: gcc -c -g -O2  conftest.c >&5
configure:16689: $? = 0
configure:16689: gcc -c -g -O2  conftest.c >&5
conftest.c: In function 'main':
conftest.c:68: error: expected expression before ')' token
configure:16689: $? = 1
configure: failed program was:
| /* confdefs.h */
| #define PACKAGE_NAME "sleuthkit"
| #define PACKAGE_TARNAME "sleuthkit"
| #define PACKAGE_VERSION "4.1.2"
| #define PACKAGE_STRING "sleuthkit 4.1.2"
| #define PACKAGE_BUGREPORT ""
| #define PACKAGE_URL ""
| #define PACKAGE "sleuthkit"
| #define VERSION "4.1.2"
| #define STDC_HEADERS 1
| #define HAVE_SYS_TYPES_H 1
| #define HAVE_SYS_STAT_H 1
| #define HAVE_STDLIB_H 1
| #define HAVE_STRING_H 1
| #define HAVE_MEMORY_H 1
| #define HAVE_STRINGS_H 1
| #define HAVE_INTTYPES_H 1
| #define HAVE_STDINT_H 1
| #define HAVE_UNISTD_H 1
| #define HAVE_DLFCN_H 1
| #define LT_OBJDIR ".libs/"
| #define STDC_HEADERS 1
| #define HAVE_ERR_H 1
| #define HAVE_INTTYPES_H 1
| #define HAVE_UNISTD_H 1
| #define HAVE_STDINT_H 1
| #define HAVE_SYS_PARAM_H 1
| #define HAVE_SYS_RESOURCE_H 1
| #define HAVE__BOOL 1
| #define HAVE_STDBOOL_H 1
| /* end confdefs.h.  */
| #include <stdio.h>
| #ifdef HAVE_SYS_TYPES_H
| # include <sys/types.h>
| #endif
| #ifdef HAVE_SYS_STAT_H
| # include <sys/stat.h>
| #endif
| #ifdef STDC_HEADERS
| # include <stdlib.h>
| # include <stddef.h>
| #else
| # ifdef HAVE_STDLIB_H
| #  include <stdlib.h>
| # endif
| #endif
| #ifdef HAVE_STRING_H
| # if !defined STDC_HEADERS && defined HAVE_MEMORY_H
| #  include <memory.h>
| # endif
| # include <string.h>
| #endif
| #ifdef HAVE_STRINGS_H
| # include <strings.h>
| #endif
| #ifdef HAVE_INTTYPES_H
| # include <inttypes.h>
| #endif
| #ifdef HAVE_STDINT_H
| # include <stdint.h>
| #endif
| #ifdef HAVE_UNISTD_H
| # include <unistd.h>
| #endif
| int
| main ()
| {
| if (sizeof ((off_t)))
| 	    return 0;
|   ;
|   return 0;
| }
configure:16689: result: yes
configure:16700: checking for size_t
configure:16700: gcc -c -g -O2  conftest.c >&5
configure:16700: $? = 0
configure:16700: gcc -c -g -O2  conftest.c >&5
conftest.c: In function 'main':
conftest.c:68: error: expected expression before ')' token
configure:16700: $? = 1
configure: failed program was:
| /* confdefs.h */
| #define PACKAGE_NAME "sleuthkit"
| #define PACKAGE_TARNAME "sleuthkit"
| #define PACKAGE_VERSION "4.1.2"
| #define PACKAGE_STRING "sleuthkit 4.1.2"
| #define PACKAGE_BUGREPORT ""
| #define PACKAGE_URL ""
| #define PACKAGE "sleuthkit"
| #define VERSION "4.1.2"
| #define STDC_HEADERS 1
| #define HAVE_SYS_TYPES_H 1
| #define HAVE_SYS_STAT_H 1
| #define HAVE_STDLIB_H 1
| #define HAVE_STRING_H 1
| #define HAVE_MEMORY_H 1
| #define HAVE_STRINGS_H 1
| #define HAVE_INTTYPES_H 1
| #define HAVE_STDINT_H 1
| #define HAVE_UNISTD_H 1
| #define HAVE_DLFCN_H 1
| #define LT_OBJDIR ".libs/"
| #define STDC_HEADERS 1
| #define HAVE_ERR_H 1
| #define HAVE_INTTYPES_H 1
| #define HAVE_UNISTD_H 1
| #define HAVE_STDINT_H 1
| #define HAVE_SYS_PARAM_H 1
| #define HAVE_SYS_RESOURCE_H 1
| #define HAVE__BOOL 1
| #define HAVE_STDBOOL_H 1
| /* end confdefs.h.  */
| #include <stdio.h>
| #ifdef HAVE_SYS_TYPES_H
| # include <sys/types.h>
| #endif
| #ifdef HAVE_SYS_STAT_H
| # include <sys/stat.h>
| #endif
| #ifdef STDC_HEADERS
| # include <stdlib.h>
| # include <stddef.h>
| #else
| # ifdef HAVE_STDLIB_H
| #  include <stdlib.h>
| # endif
| #endif
| #ifdef HAVE_STRING_H
| # if !defined STDC_HEADERS && defined HAVE_MEMORY_H
| #  include <memory.h>
| # endif
| # include <string.h>
| #endif
| #ifdef HAVE_STRINGS_H
| # include <strings.h>
| #endif
| #ifdef HAVE_INTTYPES_H
| # include <inttypes.h>
| #endif
| #ifdef HAVE_STDINT_H
| # include <stdint.h>
| #endif
| #ifdef HAVE_UNISTD_H
| # include <unistd.h>
| #endif
| int
| main ()
| {
| if (sizeof ((size_t)))
| 	    return 0;
|   ;
|   return 0;
| }
configure:16700: result: yes
configure:16723: checking for special C compiler options needed for large files
configure:16768: result: no
configure:16774: checking for _FILE_OFFSET_BITS value needed for large files
configure:16799: gcc -c -g -O2  conftest.c >&5
configure:16799: $? = 0
configure:16831: result: no
configure:16920: checking for working alloca.h
configure:16937: gcc -o conftest -g -O2   conftest.c  >&5
configure:16937: $? = 0
configure:16945: result: yes
configure:16953: checking for alloca
configure:16990: gcc -o conftest -g -O2   conftest.c  >&5
configure:16990: $? = 0
configure:16998: result: yes
configure:17104: checking for error_at_line
configure:17120: gcc -o conftest -g -O2   conftest.c  >&5
conftest.c:34:19: error: error.h: No such file or directory
configure:17120: $? = 1
configure: failed program was:
| /* confdefs.h */
| #define PACKAGE_NAME "sleuthkit"
| #define PACKAGE_TARNAME "sleuthkit"
| #define PACKAGE_VERSION "4.1.2"
| #define PACKAGE_STRING "sleuthkit 4.1.2"
| #define PACKAGE_BUGREPORT ""
| #define PACKAGE_URL ""
| #define PACKAGE "sleuthkit"
| #define VERSION "4.1.2"
| #define STDC_HEADERS 1
| #define HAVE_SYS_TYPES_H 1
| #define HAVE_SYS_STAT_H 1
| #define HAVE_STDLIB_H 1
| #define HAVE_STRING_H 1
| #define HAVE_MEMORY_H 1
| #define HAVE_STRINGS_H 1
| #define HAVE_INTTYPES_H 1
| #define HAVE_STDINT_H 1
| #define HAVE_UNISTD_H 1
| #define HAVE_DLFCN_H 1
| #define LT_OBJDIR ".libs/"
| #define STDC_HEADERS 1
| #define HAVE_ERR_H 1
| #define HAVE_INTTYPES_H 1
| #define HAVE_UNISTD_H 1
| #define HAVE_STDINT_H 1
| #define HAVE_SYS_PARAM_H 1
| #define HAVE_SYS_RESOURCE_H 1
| #define HAVE__BOOL 1
| #define HAVE_STDBOOL_H 1
| #define HAVE_ALLOCA_H 1
| #define HAVE_ALLOCA 1
| /* end confdefs.h.  */
| #include <error.h>
| int
| main ()
| {
| error_at_line (0, 0, "", 0, "an error occurred");
|   ;
|   return 0;
| }
configure:17128: result: no
configure:17140: checking for _LARGEFILE_SOURCE value needed for large files
configure:17159: gcc -o conftest -g -O2   conftest.c  >&5
configure:17159: $? = 0
configure:17187: result: no
configure:17209: checking whether gcc needs -traditional
conftest.c:35:20: error: termio.h: No such file or directory
configure:17243: result: no
configure:17250: checking whether lstat correctly handles trailing slash
configure:17276: gcc -o conftest -g -O2   conftest.c  >&5
configure:17276: $? = 0
configure:17276: ./conftest
configure:17276: $? = 1
configure: program exited with status 1
configure: failed program was:
| /* confdefs.h */
| #define PACKAGE_NAME "sleuthkit"
| #define PACKAGE_TARNAME "sleuthkit"
| #define PACKAGE_VERSION "4.1.2"
| #define PACKAGE_STRING "sleuthkit 4.1.2"
| #define PACKAGE_BUGREPORT ""
| #define PACKAGE_URL ""
| #define PACKAGE "sleuthkit"
| #define VERSION "4.1.2"
| #define STDC_HEADERS 1
| #define HAVE_SYS_TYPES_H 1
| #define HAVE_SYS_STAT_H 1
| #define HAVE_STDLIB_H 1
| #define HAVE_STRING_H 1
| #define HAVE_MEMORY_H 1
| #define HAVE_STRINGS_H 1
| #define HAVE_INTTYPES_H 1
| #define HAVE_STDINT_H 1
| #define HAVE_UNISTD_H 1
| #define HAVE_DLFCN_H 1
| #define LT_OBJDIR ".libs/"
| #define STDC_HEADERS 1
| #define HAVE_ERR_H 1
| #define HAVE_INTTYPES_H 1
| #define HAVE_UNISTD_H 1
| #define HAVE_STDINT_H 1
| #define HAVE_SYS_PARAM_H 1
| #define HAVE_SYS_RESOURCE_H 1
| #define HAVE__BOOL 1
| #define HAVE_STDBOOL_H 1
| #define HAVE_ALLOCA_H 1
| #define HAVE_ALLOCA 1
| #define HAVE_FSEEKO 1
| /* end confdefs.h.  */
| #include <stdio.h>
| #ifdef HAVE_SYS_TYPES_H
| # include <sys/types.h>
| #endif
| #ifdef HAVE_SYS_STAT_H
| # include <sys/stat.h>
| #endif
| #ifdef STDC_HEADERS
| # include <stdlib.h>
| # include <stddef.h>
| #else
| # ifdef HAVE_STDLIB_H
| #  include <stdlib.h>
| # endif
| #endif
| #ifdef HAVE_STRING_H
| # if !defined STDC_HEADERS && defined HAVE_MEMORY_H
| #  include <memory.h>
| # endif
| # include <string.h>
| #endif
| #ifdef HAVE_STRINGS_H
| # include <strings.h>
| #endif
| #ifdef HAVE_INTTYPES_H
| # include <inttypes.h>
| #endif
| #ifdef HAVE_STDINT_H
| # include <stdint.h>
| #endif
| #ifdef HAVE_UNISTD_H
| # include <unistd.h>
| #endif
| int
| main ()
| {
| struct stat sbuf;
|      /* Linux will dereference the symlink and fail, as required by POSIX.
| 	That is better in the sense that it means we will not
| 	have to compile and use the lstat wrapper.  */
|      return lstat ("conftest.sym/", &sbuf) == 0;
|   ;
|   return 0;
| }
configure:17293: result: no
configure:17312: checking whether lstat accepts an empty string
configure:17332: gcc -o conftest -g -O2   conftest.c  >&5
configure:17332: $? = 0
configure:17332: ./conftest
configure:17332: $? = 0
configure:17342: result: no
configure:17358: checking whether lstat correctly handles trailing slash
configure:17401: result: no
configure:17429: checking sys/select.h usability
configure:17429: gcc -c -g -O2  conftest.c >&5
configure:17429: $? = 0
configure:17429: result: yes
configure:17429: checking sys/select.h presence
configure:17429: gcc -E  conftest.c
configure:17429: $? = 0
configure:17429: result: yes
configure:17429: checking for sys/select.h
configure:17429: result: yes
configure:17429: checking sys/socket.h usability
configure:17429: gcc -c -g -O2  conftest.c >&5
configure:17429: $? = 0
configure:17429: result: yes
configure:17429: checking sys/socket.h presence
configure:17429: gcc -E  conftest.c
configure:17429: $? = 0
configure:17429: result: yes
configure:17429: checking for sys/socket.h
configure:17429: result: yes
configure:17439: checking types of arguments for select
configure:17467: gcc -c -g -O2  conftest.c >&5
configure:17467: $? = 0
configure:17478: result: int,fd_set *,struct timeval *
configure:17508: checking for utime.h
configure:17508: gcc -c -g -O2  conftest.c >&5
configure:17508: $? = 0
configure:17508: result: yes
configure:17522: checking whether utime accepts a null argument
configure:17551: gcc -o conftest -g -O2   conftest.c  >&5
configure:17551: $? = 0
configure:17551: ./conftest
configure:17551: $? = 0
configure:17561: result: yes
configure:17573: checking for vprintf
configure:17573: gcc -o conftest -g -O2   conftest.c  >&5
conftest.c:65: warning: conflicting types for built-in function 'vprintf'
configure:17573: $? = 0
configure:17573: result: yes
configure:17579: checking for _doprnt
configure:17579: gcc -o conftest -g -O2   conftest.c  >&5
Undefined symbols for architecture x86_64:
  "__doprnt", referenced from:
      _main in ccK52PUi.o
ld: symbol(s) not found for architecture x86_64
collect2: ld returned 1 exit status
configure:17579: $? = 1
configure: failed program was:
| /* confdefs.h */
| #define PACKAGE_NAME "sleuthkit"
| #define PACKAGE_TARNAME "sleuthkit"
| #define PACKAGE_VERSION "4.1.2"
| #define PACKAGE_STRING "sleuthkit 4.1.2"
| #define PACKAGE_BUGREPORT ""
| #define PACKAGE_URL ""
| #define PACKAGE "sleuthkit"
| #define VERSION "4.1.2"
| #define STDC_HEADERS 1
| #define HAVE_SYS_TYPES_H 1
| #define HAVE_SYS_STAT_H 1
| #define HAVE_STDLIB_H 1
| #define HAVE_STRING_H 1
| #define HAVE_MEMORY_H 1
| #define HAVE_STRINGS_H 1
| #define HAVE_INTTYPES_H 1
| #define HAVE_STDINT_H 1
| #define HAVE_UNISTD_H 1
| #define HAVE_DLFCN_H 1
| #define LT_OBJDIR ".libs/"
| #define STDC_HEADERS 1
| #define HAVE_ERR_H 1
| #define HAVE_INTTYPES_H 1
| #define HAVE_UNISTD_H 1
| #define HAVE_STDINT_H 1
| #define HAVE_SYS_PARAM_H 1
| #define HAVE_SYS_RESOURCE_H 1
| #define HAVE__BOOL 1
| #define HAVE_STDBOOL_H 1
| #define HAVE_ALLOCA_H 1
| #define HAVE_ALLOCA 1
| #define HAVE_FSEEKO 1
| #define HAVE_SYS_SELECT_H 1
| #define HAVE_SYS_SOCKET_H 1
| #define SELECT_TYPE_ARG1 int
| #define SELECT_TYPE_ARG234 (fd_set *)
| #define SELECT_TYPE_ARG5 (struct timeval *)
| #define HAVE_UTIME_H 1
| #define HAVE_UTIME_NULL 1
| #define HAVE_VPRINTF 1
| /* end confdefs.h.  */
| /* Define _doprnt to an innocuous variant, in case <limits.h> declares _doprnt.
|    For example, HP-UX 11i <limits.h> declares gettimeofday.  */
| #define _doprnt innocuous__doprnt
| 
| /* System header to define __stub macros and hopefully few prototypes,
|     which can conflict with char _doprnt (); below.
|     Prefer <limits.h> to <assert.h> if __STDC__ is defined, since
|     <limits.h> exists even on freestanding compilers.  */
| 
| #ifdef __STDC__
| # include <limits.h>
| #else
| # include <assert.h>
| #endif
| 
| #undef _doprnt
| 
| /* Override any GCC internal prototype to avoid an error.
|    Use char because int might match the return type of a GCC
|    builtin and then its argument prototype would still apply.  */
| #ifdef __cplusplus
| extern "C"
| #endif
| char _doprnt ();
| /* The GNU C library defines this for functions which it implements
|     to always fail with ENOSYS.  Some functions are actually named
|     something starting with __ and the normal name is an alias.  */
| #if defined __stub__doprnt || defined __stub____doprnt
| choke me
| #endif
| 
| int
| main ()
| {
| return _doprnt ();
|   ;
|   return 0;
| }
configure:17579: result: no
configure:17594: checking for ishexnumber
configure:17594: gcc -o conftest -g -O2   conftest.c  >&5
configure:17594: $? = 0
configure:17594: result: yes
configure:17594: checking for err
configure:17594: gcc -o conftest -g -O2   conftest.c  >&5
configure:17594: $? = 0
configure:17594: result: yes
configure:17594: checking for errx
configure:17594: gcc -o conftest -g -O2   conftest.c  >&5
configure:17594: $? = 0
configure:17594: result: yes
configure:17594: checking for warn
configure:17594: gcc -o conftest -g -O2   conftest.c  >&5
configure:17594: $? = 0
configure:17594: result: yes
configure:17594: checking for warnx
configure:17594: gcc -o conftest -g -O2   conftest.c  >&5
configure:17594: $? = 0
configure:17594: result: yes
configure:17594: checking for vasprintf
configure:17594: gcc -o conftest -g -O2   conftest.c  >&5
configure:17594: $? = 0
configure:17594: result: yes
configure:17594: checking for getrusage
configure:17594: gcc -o conftest -g -O2   conftest.c  >&5
configure:17594: $? = 0
configure:17594: result: yes
configure:17722: checking whether pthreads work with -pthread
configure:17810: gcc -o conftest -g -O2 -pthread   conftest.c   >&5
configure:17810: $? = 0
configure:17819: result: yes
configure:17838: checking for joinable pthread attribute
configure:17853: gcc -o conftest -g -O2 -pthread   conftest.c   >&5
configure:17853: $? = 0
configure:17859: result: PTHREAD_CREATE_JOINABLE
configure:17869: checking if more special flags are required for pthreads
configure:17876: result: -D_THREAD_SAFE
configure:18003: checking afflib/afflib.h usability
configure:18003: gcc -c -g -O2  -D_THREAD_SAFE -pthread -I/usr/local/include conftest.c >&5
conftest.c:84:27: error: afflib/afflib.h: No such file or directory
configure:18003: $? = 1
configure: failed program was:
| /* confdefs.h */
| #define PACKAGE_NAME "sleuthkit"
| #define PACKAGE_TARNAME "sleuthkit"
| #define PACKAGE_VERSION "4.1.2"
| #define PACKAGE_STRING "sleuthkit 4.1.2"
| #define PACKAGE_BUGREPORT ""
| #define PACKAGE_URL ""
| #define PACKAGE "sleuthkit"
| #define VERSION "4.1.2"
| #define STDC_HEADERS 1
| #define HAVE_SYS_TYPES_H 1
| #define HAVE_SYS_STAT_H 1
| #define HAVE_STDLIB_H 1
| #define HAVE_STRING_H 1
| #define HAVE_MEMORY_H 1
| #define HAVE_STRINGS_H 1
| #define HAVE_INTTYPES_H 1
| #define HAVE_STDINT_H 1
| #define HAVE_UNISTD_H 1
| #define HAVE_DLFCN_H 1
| #define LT_OBJDIR ".libs/"
| #define STDC_HEADERS 1
| #define HAVE_ERR_H 1
| #define HAVE_INTTYPES_H 1
| #define HAVE_UNISTD_H 1
| #define HAVE_STDINT_H 1
| #define HAVE_SYS_PARAM_H 1
| #define HAVE_SYS_RESOURCE_H 1
| #define HAVE__BOOL 1
| #define HAVE_STDBOOL_H 1
| #define HAVE_ALLOCA_H 1
| #define HAVE_ALLOCA 1
| #define HAVE_FSEEKO 1
| #define HAVE_SYS_SELECT_H 1
| #define HAVE_SYS_SOCKET_H 1
| #define SELECT_TYPE_ARG1 int
| #define SELECT_TYPE_ARG234 (fd_set *)
| #define SELECT_TYPE_ARG5 (struct timeval *)
| #define HAVE_UTIME_H 1
| #define HAVE_UTIME_NULL 1
| #define HAVE_VPRINTF 1
| #define HAVE_ISHEXNUMBER 1
| #define HAVE_ERR 1
| #define HAVE_ERRX 1
| #define HAVE_WARN 1
| #define HAVE_WARNX 1
| #define HAVE_VASPRINTF 1
| #define HAVE_GETRUSAGE 1
| #define HAVE_PTHREAD 1
| /* end confdefs.h.  */
| #include <stdio.h>
| #ifdef HAVE_SYS_TYPES_H
| # include <sys/types.h>
| #endif
| #ifdef HAVE_SYS_STAT_H
| # include <sys/stat.h>
| #endif
| #ifdef STDC_HEADERS
| # include <stdlib.h>
| # include <stddef.h>
| #else
| # ifdef HAVE_STDLIB_H
| #  include <stdlib.h>
| # endif
| #endif
| #ifdef HAVE_STRING_H
| # if !defined STDC_HEADERS && defined HAVE_MEMORY_H
| #  include <memory.h>
| # endif
| # include <string.h>
| #endif
| #ifdef HAVE_STRINGS_H
| # include <strings.h>
| #endif
| #ifdef HAVE_INTTYPES_H
| # include <inttypes.h>
| #endif
| #ifdef HAVE_STDINT_H
| # include <stdint.h>
| #endif
| #ifdef HAVE_UNISTD_H
| # include <unistd.h>
| #endif
| #include <afflib/afflib.h>
configure:18003: result: no
configure:18003: checking afflib/afflib.h presence
configure:18003: gcc -E  -D_THREAD_SAFE -pthread -I/usr/local/include conftest.c
conftest.c:51:27: error: afflib/afflib.h: No such file or directory
configure:18003: $? = 1
configure: failed program was:
| /* confdefs.h */
| #define PACKAGE_NAME "sleuthkit"
| #define PACKAGE_TARNAME "sleuthkit"
| #define PACKAGE_VERSION "4.1.2"
| #define PACKAGE_STRING "sleuthkit 4.1.2"
| #define PACKAGE_BUGREPORT ""
| #define PACKAGE_URL ""
| #define PACKAGE "sleuthkit"
| #define VERSION "4.1.2"
| #define STDC_HEADERS 1
| #define HAVE_SYS_TYPES_H 1
| #define HAVE_SYS_STAT_H 1
| #define HAVE_STDLIB_H 1
| #define HAVE_STRING_H 1
| #define HAVE_MEMORY_H 1
| #define HAVE_STRINGS_H 1
| #define HAVE_INTTYPES_H 1
| #define HAVE_STDINT_H 1
| #define HAVE_UNISTD_H 1
| #define HAVE_DLFCN_H 1
| #define LT_OBJDIR ".libs/"
| #define STDC_HEADERS 1
| #define HAVE_ERR_H 1
| #define HAVE_INTTYPES_H 1
| #define HAVE_UNISTD_H 1
| #define HAVE_STDINT_H 1
| #define HAVE_SYS_PARAM_H 1
| #define HAVE_SYS_RESOURCE_H 1
| #define HAVE__BOOL 1
| #define HAVE_STDBOOL_H 1
| #define HAVE_ALLOCA_H 1
| #define HAVE_ALLOCA 1
| #define HAVE_FSEEKO 1
| #define HAVE_SYS_SELECT_H 1
| #define HAVE_SYS_SOCKET_H 1
| #define SELECT_TYPE_ARG1 int
| #define SELECT_TYPE_ARG234 (fd_set *)
| #define SELECT_TYPE_ARG5 (struct timeval *)
| #define HAVE_UTIME_H 1
| #define HAVE_UTIME_NULL 1
| #define HAVE_VPRINTF 1
| #define HAVE_ISHEXNUMBER 1
| #define HAVE_ERR 1
| #define HAVE_ERRX 1
| #define HAVE_WARN 1
| #define HAVE_WARNX 1
| #define HAVE_VASPRINTF 1
| #define HAVE_GETRUSAGE 1
| #define HAVE_PTHREAD 1
| /* end confdefs.h.  */
| #include <afflib/afflib.h>
configure:18003: result: no
configure:18003: checking for afflib/afflib.h
configure:18003: result: no
configure:18078: checking for zlib
configure:18100: checking zlib.h usability
configure:18100: gcc -c -g -O2  -D_THREAD_SAFE -pthread -I/usr/local/include conftest.c >&5
configure:18100: $? = 0
configure:18100: result: yes
configure:18100: checking zlib.h presence
configure:18100: gcc -E  -D_THREAD_SAFE -pthread -I/usr/local/include conftest.c
configure:18100: $? = 0
configure:18100: result: yes
configure:18100: checking for zlib.h
configure:18100: result: yes
configure:18105: checking for inflate in -lz
configure:18130: gcc -o conftest -g -O2  -D_THREAD_SAFE -pthread -I/usr/local/include  -D_THREAD_SAFE -pthread -L/usr/local/lib conftest.c -lz   >&5
configure:18130: $? = 0
configure:18139: result: yes
configure:18172: checking for dlopen in -ldl
configure:18197: gcc -o conftest -g -O2  -D_THREAD_SAFE -pthread -I/usr/local/include  -D_THREAD_SAFE -pthread -L/usr/local/lib conftest.c -ldl  -lz  >&5
configure:18197: $? = 0
configure:18206: result: yes
configure:18252: checking libewf.h usability
configure:18252: gcc -c -g -O2  -D_THREAD_SAFE -pthread -I/usr/local/include conftest.c >&5
conftest.c:87:20: error: libewf.h: No such file or directory
configure:18252: $? = 1
configure: failed program was:
| /* confdefs.h */
| #define PACKAGE_NAME "sleuthkit"
| #define PACKAGE_TARNAME "sleuthkit"
| #define PACKAGE_VERSION "4.1.2"
| #define PACKAGE_STRING "sleuthkit 4.1.2"
| #define PACKAGE_BUGREPORT ""
| #define PACKAGE_URL ""
| #define PACKAGE "sleuthkit"
| #define VERSION "4.1.2"
| #define STDC_HEADERS 1
| #define HAVE_SYS_TYPES_H 1
| #define HAVE_SYS_STAT_H 1
| #define HAVE_STDLIB_H 1
| #define HAVE_STRING_H 1
| #define HAVE_MEMORY_H 1
| #define HAVE_STRINGS_H 1
| #define HAVE_INTTYPES_H 1
| #define HAVE_STDINT_H 1
| #define HAVE_UNISTD_H 1
| #define HAVE_DLFCN_H 1
| #define LT_OBJDIR ".libs/"
| #define STDC_HEADERS 1
| #define HAVE_ERR_H 1
| #define HAVE_INTTYPES_H 1
| #define HAVE_UNISTD_H 1
| #define HAVE_STDINT_H 1
| #define HAVE_SYS_PARAM_H 1
| #define HAVE_SYS_RESOURCE_H 1
| #define HAVE__BOOL 1
| #define HAVE_STDBOOL_H 1
| #define HAVE_ALLOCA_H 1
| #define HAVE_ALLOCA 1
| #define HAVE_FSEEKO 1
| #define HAVE_SYS_SELECT_H 1
| #define HAVE_SYS_SOCKET_H 1
| #define SELECT_TYPE_ARG1 int
| #define SELECT_TYPE_ARG234 (fd_set *)
| #define SELECT_TYPE_ARG5 (struct timeval *)
| #define HAVE_UTIME_H 1
| #define HAVE_UTIME_NULL 1
| #define HAVE_VPRINTF 1
| #define HAVE_ISHEXNUMBER 1
| #define HAVE_ERR 1
| #define HAVE_ERRX 1
| #define HAVE_WARN 1
| #define HAVE_WARNX 1
| #define HAVE_VASPRINTF 1
| #define HAVE_GETRUSAGE 1
| #define HAVE_PTHREAD 1
| #define HAVE_ZLIB_H 1
| #define HAVE_LIBZ 1
| #define HAVE_LIBDL 1
| /* end confdefs.h.  */
| #include <stdio.h>
| #ifdef HAVE_SYS_TYPES_H
| # include <sys/types.h>
| #endif
| #ifdef HAVE_SYS_STAT_H
| # include <sys/stat.h>
| #endif
| #ifdef STDC_HEADERS
| # include <stdlib.h>
| # include <stddef.h>
| #else
| # ifdef HAVE_STDLIB_H
| #  include <stdlib.h>
| # endif
| #endif
| #ifdef HAVE_STRING_H
| # if !defined STDC_HEADERS && defined HAVE_MEMORY_H
| #  include <memory.h>
| # endif
| # include <string.h>
| #endif
| #ifdef HAVE_STRINGS_H
| # include <strings.h>
| #endif
| #ifdef HAVE_INTTYPES_H
| # include <inttypes.h>
| #endif
| #ifdef HAVE_STDINT_H
| # include <stdint.h>
| #endif
| #ifdef HAVE_UNISTD_H
| # include <unistd.h>
| #endif
| #include <libewf.h>
configure:18252: result: no
configure:18252: checking libewf.h presence
configure:18252: gcc -E  -D_THREAD_SAFE -pthread -I/usr/local/include conftest.c
conftest.c:54:20: error: libewf.h: No such file or directory
configure:18252: $? = 1
configure: failed program was:
| /* confdefs.h */
| #define PACKAGE_NAME "sleuthkit"
| #define PACKAGE_TARNAME "sleuthkit"
| #define PACKAGE_VERSION "4.1.2"
| #define PACKAGE_STRING "sleuthkit 4.1.2"
| #define PACKAGE_BUGREPORT ""
| #define PACKAGE_URL ""
| #define PACKAGE "sleuthkit"
| #define VERSION "4.1.2"
| #define STDC_HEADERS 1
| #define HAVE_SYS_TYPES_H 1
| #define HAVE_SYS_STAT_H 1
| #define HAVE_STDLIB_H 1
| #define HAVE_STRING_H 1
| #define HAVE_MEMORY_H 1
| #define HAVE_STRINGS_H 1
| #define HAVE_INTTYPES_H 1
| #define HAVE_STDINT_H 1
| #define HAVE_UNISTD_H 1
| #define HAVE_DLFCN_H 1
| #define LT_OBJDIR ".libs/"
| #define STDC_HEADERS 1
| #define HAVE_ERR_H 1
| #define HAVE_INTTYPES_H 1
| #define HAVE_UNISTD_H 1
| #define HAVE_STDINT_H 1
| #define HAVE_SYS_PARAM_H 1
| #define HAVE_SYS_RESOURCE_H 1
| #define HAVE__BOOL 1
| #define HAVE_STDBOOL_H 1
| #define HAVE_ALLOCA_H 1
| #define HAVE_ALLOCA 1
| #define HAVE_FSEEKO 1
| #define HAVE_SYS_SELECT_H 1
| #define HAVE_SYS_SOCKET_H 1
| #define SELECT_TYPE_ARG1 int
| #define SELECT_TYPE_ARG234 (fd_set *)
| #define SELECT_TYPE_ARG5 (struct timeval *)
| #define HAVE_UTIME_H 1
| #define HAVE_UTIME_NULL 1
| #define HAVE_VPRINTF 1
| #define HAVE_ISHEXNUMBER 1
| #define HAVE_ERR 1
| #define HAVE_ERRX 1
| #define HAVE_WARN 1
| #define HAVE_WARNX 1
| #define HAVE_VASPRINTF 1
| #define HAVE_GETRUSAGE 1
| #define HAVE_PTHREAD 1
| #define HAVE_ZLIB_H 1
| #define HAVE_LIBZ 1
| #define HAVE_LIBDL 1
| /* end confdefs.h.  */
| #include <libewf.h>
configure:18252: result: no
configure:18252: checking for libewf.h
configure:18252: result: no
configure:18312: checking for library containing dlopen
configure:18343: gcc -o conftest -g -O2  -D_THREAD_SAFE -pthread -I/usr/local/include  -D_THREAD_SAFE -pthread -L/usr/local/lib conftest.c -ldl -lz  >&5
configure:18343: $? = 0
configure:18360: result: none required
configure:18377: checking for gcj
configure:18407: result: no
configure:18377: checking for guavac
configure:18407: result: no
configure:18377: checking for jikes
configure:18407: result: no
configure:18377: checking for javac
configure:18393: found /usr/bin/javac
configure:18404: result: javac
configure:18463: checking if javac works
configure:18477: javac  Test.java
Unable to locate an executable at "/Library/Java/JavaVirtualMachines/jdk1.7.0_17.jdk/Contents/Home/jre/bin/javac" (-1)
configure:18480: $? = 2
configure:18484: WARNING: The Java compiler javac failed (see config.log, check the CLASSPATH?)
configure: failed program was:
/* #line 18472 "configure" */
public class Test {
}
configure:18492: result: 
configure:18504: checking for javac
configure:18522: found /usr/bin/javac
configure:18535: result: /usr/bin/javac
configure:18552: checking symlink for /usr/bin/javac
configure:18560: result: /System/Library/Frameworks/JavaVM.framework/Versions/Current/Commands/javac
configure:18577: _JTOPDIR=/System/Library/Frameworks/JavaVM.framework/Versions/Current
configure:18578: _JINC=/System/Library/Frameworks/JavaVM.framework/Versions/Current/Headers
configure:18750: checking that generated files are newer than configure
configure:18756: result: done
configure:18799: creating ./config.status

## ---------------------- ##
## Running config.status. ##
## ---------------------- ##

This file was extended by sleuthkit config.status 4.1.2, which was
generated by GNU Autoconf 2.69.  Invocation command line was

  CONFIG_FILES    = 
  CONFIG_HEADERS  = 
  CONFIG_LINKS    = 
  CONFIG_COMMANDS = 
  $ ./config.status 

on Mansfields-MacBook-Pro.local

config.status:1218: creating Makefile
config.status:1218: creating tsk/Makefile
config.status:1218: creating tsk/base/Makefile
config.status:1218: creating tsk/img/Makefile
config.status:1218: creating tsk/vs/Makefile
config.status:1218: creating tsk/fs/Makefile
config.status:1218: creating tsk/hashdb/Makefile
config.status:1218: creating tsk/auto/Makefile
config.status:1218: creating tools/Makefile
config.status:1218: creating tools/imgtools/Makefile
config.status:1218: creating tools/vstools/Makefile
config.status:1218: creating tools/fstools/Makefile
config.status:1218: creating tools/hashtools/Makefile
config.status:1218: creating tools/srchtools/Makefile
config.status:1218: creating tools/autotools/Makefile
config.status:1218: creating tools/sorter/Makefile
config.status:1218: creating tools/timeline/Makefile
config.status:1218: creating tools/fiwalk/Makefile
config.status:1218: creating tools/fiwalk/src/Makefile
config.status:1218: creating tools/fiwalk/plugins/Makefile
config.status:1218: creating tests/Makefile
config.status:1218: creating samples/Makefile
config.status:1218: creating man/Makefile
config.status:1218: creating bindings/java/jni/Makefile
config.status:1218: creating unit_tests/Makefile
config.status:1218: creating unit_tests/base/Makefile
config.status:1218: creating tsk/tsk_config.h
config.status:1447: executing depfiles commands
config.status:1447: executing libtool commands
config.status:1447: executing tsk/tsk_incs.h commands

## ---------------- ##
## Cache variables. ##
## ---------------- ##

ac_cv_build=i386-apple-darwin11.4.2
ac_cv_c_compiler_gnu=yes
ac_cv_c_const=yes
ac_cv_cxx_compiler_gnu=yes
ac_cv_env_CCC_set=
ac_cv_env_CCC_value=
ac_cv_env_CC_set=
ac_cv_env_CC_value=
ac_cv_env_CFLAGS_set=
ac_cv_env_CFLAGS_value=
ac_cv_env_CPPFLAGS_set=
ac_cv_env_CPPFLAGS_value=
ac_cv_env_CPP_set=
ac_cv_env_CPP_value=
ac_cv_env_CXXCPP_set=
ac_cv_env_CXXCPP_value=
ac_cv_env_CXXFLAGS_set=
ac_cv_env_CXXFLAGS_value=
ac_cv_env_CXX_set=
ac_cv_env_CXX_value=
ac_cv_env_LDFLAGS_set=
ac_cv_env_LDFLAGS_value=
ac_cv_env_LIBS_set=
ac_cv_env_LIBS_value=
ac_cv_env_build_alias_set=
ac_cv_env_build_alias_value=
ac_cv_env_host_alias_set=
ac_cv_env_host_alias_value=
ac_cv_env_target_alias_set=
ac_cv_env_target_alias_value=
ac_cv_func__doprnt=no
ac_cv_func_alloca_works=yes
ac_cv_func_err=yes
ac_cv_func_errx=yes
ac_cv_func_getrusage=yes
ac_cv_func_ishexnumber=yes
ac_cv_func_lstat_dereferences_slashed_symlink=no
ac_cv_func_lstat_empty_string_bug=no
ac_cv_func_select_args='int,fd_set *,struct timeval *'
ac_cv_func_utime_null=yes
ac_cv_func_vasprintf=yes
ac_cv_func_vprintf=yes
ac_cv_func_warn=yes
ac_cv_func_warnx=yes
ac_cv_header_afflib_afflib_h=no
ac_cv_header_dlfcn_h=yes
ac_cv_header_err_h=yes
ac_cv_header_inttypes_h=yes
ac_cv_header_libewf_h=no
ac_cv_header_memory_h=yes
ac_cv_header_stdbool_h=yes
ac_cv_header_stdc=yes
ac_cv_header_stdint_h=yes
ac_cv_header_stdlib_h=yes
ac_cv_header_string_h=yes
ac_cv_header_strings_h=yes
ac_cv_header_sys_param_h=yes
ac_cv_header_sys_resource_h=yes
ac_cv_header_sys_select_h=yes
ac_cv_header_sys_socket_h=yes
ac_cv_header_sys_stat_h=yes
ac_cv_header_sys_types_h=yes
ac_cv_header_unistd_h=yes
ac_cv_header_utime_h=yes
ac_cv_header_zlib_h=yes
ac_cv_host=i386-apple-darwin11.4.2
ac_cv_lib_dl_dlopen=yes
ac_cv_lib_error_at_line=no
ac_cv_lib_z_inflate=yes
ac_cv_objext=o
ac_cv_path_CPPUNIT_CONFIG=no
ac_cv_path_EGREP='/usr/bin/grep -E'
ac_cv_path_FGREP='/usr/bin/grep -F'
ac_cv_path_GREP=/usr/bin/grep
ac_cv_path_PERL=/usr/bin/perl
ac_cv_path_SED=/usr/bin/sed
ac_cv_path__ACJNI_JAVAC=/usr/bin/javac
ac_cv_path_install='/usr/bin/install -c'
ac_cv_prog_AWK=awk
ac_cv_prog_CPP='gcc -E'
ac_cv_prog_CXXCPP='g++ -E'
ac_cv_prog_JAVAC=javac
ac_cv_prog_ac_ct_AR=ar
ac_cv_prog_ac_ct_CC=gcc
ac_cv_prog_ac_ct_CXX=g++
ac_cv_prog_ac_ct_DSYMUTIL=dsymutil
ac_cv_prog_ac_ct_LIPO=lipo
ac_cv_prog_ac_ct_NMEDIT=nmedit
ac_cv_prog_ac_ct_OTOOL=otool
ac_cv_prog_ac_ct_RANLIB=ranlib
ac_cv_prog_ac_ct_STRIP=strip
ac_cv_prog_cc_c89=
ac_cv_prog_cc_g=yes
ac_cv_prog_cxx_g=yes
ac_cv_prog_gcc_traditional=no
ac_cv_prog_make_make_set=yes
ac_cv_search_dlopen='none required'
ac_cv_sys_file_offset_bits=no
ac_cv_sys_largefile_CC=no
ac_cv_sys_largefile_source=no
ac_cv_type__Bool=yes
ac_cv_type_mode_t=yes
ac_cv_type_off_t=yes
ac_cv_type_size_t=yes
ac_cv_type_uid_t=yes
ac_cv_working_alloca_h=yes
am_cv_CC_dependencies_compiler_type=gcc3
am_cv_CXX_dependencies_compiler_type=gcc3
lt_cv_apple_cc_single_mod=yes
lt_cv_ar_at_file=no
lt_cv_deplibs_check_method=pass_all
lt_cv_file_magic_cmd='$MAGIC_CMD'
lt_cv_file_magic_test_file=
lt_cv_ld_exported_symbols_list=yes
lt_cv_ld_force_load=yes
lt_cv_ld_reload_flag=-r
lt_cv_nm_interface='BSD nm'
lt_cv_objdir=.libs
lt_cv_path_LD=/usr/llvm-gcc-4.2/libexec/gcc/i686-apple-darwin11/4.2.1/ld
lt_cv_path_LDCXX=/usr/llvm-gcc-4.2/libexec/gcc/i686-apple-darwin11/4.2.1/ld
lt_cv_path_NM=/usr/bin/nm
lt_cv_path_mainfest_tool=no
lt_cv_prog_compiler_c_o=yes
lt_cv_prog_compiler_c_o_CXX=yes
lt_cv_prog_compiler_pic='-fno-common -DPIC'
lt_cv_prog_compiler_pic_CXX='-fno-common -DPIC'
lt_cv_prog_compiler_pic_works=yes
lt_cv_prog_compiler_pic_works_CXX=yes
lt_cv_prog_compiler_rtti_exceptions=no
lt_cv_prog_compiler_static_works=no
lt_cv_prog_compiler_static_works_CXX=no
lt_cv_prog_gnu_ld=no
lt_cv_prog_gnu_ldcxx=no
lt_cv_sharedlib_from_linklib_cmd='printf %s\n'
lt_cv_sys_global_symbol_pipe='sed -n -e '\''s/^.*[	 ]\([BCDEGRST][BCDEGRST]*\)[	 ][	 ]*_\([_A-Za-z][_A-Za-z0-9]*\)$/\1 _\2 \2/p'\'' | sed '\''/ __gnu_lto/d'\'''
lt_cv_sys_global_symbol_to_c_name_address='sed -n -e '\''s/^: \([^ ]*\)[ ]*$/  {\"\1\", (void *) 0},/p'\'' -e '\''s/^[BCDEGRST]* \([^ ]*\) \([^ ]*\)$/  {"\2", (void *) \&\2},/p'\'''
lt_cv_sys_global_symbol_to_c_name_address_lib_prefix='sed -n -e '\''s/^: \([^ ]*\)[ ]*$/  {\"\1\", (void *) 0},/p'\'' -e '\''s/^[BCDEGRST]* \([^ ]*\) \(lib[^ ]*\)$/  {"\2", (void *) \&\2},/p'\'' -e '\''s/^[BCDEGRST]* \([^ ]*\) \([^ ]*\)$/  {"lib\2", (void *) \&\2},/p'\'''
lt_cv_sys_global_symbol_to_cdecl='sed -n -e '\''s/^T .* \(.*\)$/extern int \1();/p'\'' -e '\''s/^[BCDEGRST]* .* \(.*\)$/extern char \1;/p'\'''
lt_cv_sys_max_cmd_len=196608
lt_cv_to_host_file_cmd=func_convert_file_noop
lt_cv_to_tool_file_cmd=func_convert_file_noop

## ----------------- ##
## Output variables. ##
## ----------------- ##

ACLOCAL='${SHELL} /Users/mansfield/Dropbox/2013_Fall/15-498/15498_term-project/sk/sleuthkit-4.1.2/config/missing --run aclocal-1.12'
ALLOCA=''
AMDEPBACKSLASH='\'
AMDEP_FALSE='#'
AMDEP_TRUE=''
AMTAR='$${TAR-tar}'
AR='ar'
AUTOCONF='${SHELL} /Users/mansfield/Dropbox/2013_Fall/15-498/15498_term-project/sk/sleuthkit-4.1.2/config/missing --run autoconf'
AUTOHEADER='${SHELL} /Users/mansfield/Dropbox/2013_Fall/15-498/15498_term-project/sk/sleuthkit-4.1.2/config/missing --run autoheader'
AUTOMAKE='${SHELL} /Users/mansfield/Dropbox/2013_Fall/15-498/15498_term-project/sk/sleuthkit-4.1.2/config/missing --run automake-1.12'
AWK='awk'
CC='gcc'
CCDEPMODE='depmode=gcc3'
CFLAGS='-g -O2'
CPP='gcc -E'
CPPFLAGS=' -D_THREAD_SAFE -pthread -I/usr/local/include'
CPPUNIT_CFLAGS=''
CPPUNIT_CONFIG='no'
CPPUNIT_FALSE=''
CPPUNIT_LIBS=''
CPPUNIT_TRUE='#'
CXX='g++'
CXXCPP='g++ -E'
CXXDEPMODE='depmode=gcc3'
CXXFLAGS='-g -O2'
CYGPATH_W='echo'
DEFS='-DHAVE_CONFIG_H'
DEPDIR='.deps'
DLLTOOL='false'
DSYMUTIL='dsymutil'
DUMPBIN=''
ECHO_C='\c'
ECHO_N=''
ECHO_T=''
EGREP='/usr/bin/grep -E'
EXEEXT=''
FGREP='/usr/bin/grep -F'
GREP='/usr/bin/grep'
INSTALL_DATA='${INSTALL} -m 644'
INSTALL_PROGRAM='${INSTALL}'
INSTALL_SCRIPT='${INSTALL}'
INSTALL_STRIP_PROGRAM='$(install_sh) -c -s'
JAVAC='javac'
JNI_CPPFLAGS=' -I/System/Library/Frameworks/JavaVM.framework/Versions/Current/Headers'
LD='/usr/llvm-gcc-4.2/libexec/gcc/i686-apple-darwin11/4.2.1/ld'
LDFLAGS=' -D_THREAD_SAFE -pthread -L/usr/local/lib'
LIBOBJS=' ${LIBOBJDIR}error$U.o ${LIBOBJDIR}lstat$U.o'
LIBS='-ldl -lz '
LIBTOOL='$(SHELL) $(top_builddir)/libtool'
LIPO='lipo'
LN_S='ln -s'
LTLIBOBJS=' ${LIBOBJDIR}error$U.lo ${LIBOBJDIR}lstat$U.lo'
MAINT='#'
MAINTAINER_MODE_FALSE=''
MAINTAINER_MODE_TRUE='#'
MAKEINFO='${SHELL} /Users/mansfield/Dropbox/2013_Fall/15-498/15498_term-project/sk/sleuthkit-4.1.2/config/missing --run makeinfo'
MANIFEST_TOOL=':'
MKDIR_P='config/install-sh -c -d'
NM='/usr/bin/nm'
NMEDIT='nmedit'
OBJDUMP='false'
OBJEXT='o'
OTOOL64=':'
OTOOL='otool'
PACKAGE='sleuthkit'
PACKAGE_BUGREPORT=''
PACKAGE_NAME='sleuthkit'
PACKAGE_STRING='sleuthkit 4.1.2'
PACKAGE_TARNAME='sleuthkit'
PACKAGE_URL=''
PACKAGE_VERSION='4.1.2'
PATH_SEPARATOR=':'
PERL='/usr/bin/perl'
PTHREAD_CC='gcc'
PTHREAD_CFLAGS='-D_THREAD_SAFE -pthread'
PTHREAD_LIBS=''
RANLIB='ranlib'
SED='/usr/bin/sed'
SET_MAKE=''
SHELL='/bin/sh'
STRIP='strip'
VERSION='4.1.2'
X_JNI_FALSE='#'
X_JNI_TRUE=''
_ACJNI_JAVAC='/usr/bin/javac'
ac_ct_AR='ar'
ac_ct_CC='gcc'
ac_ct_CXX='g++'
ac_ct_DUMPBIN=''
am__EXEEXT_FALSE=''
am__EXEEXT_TRUE='#'
am__fastdepCC_FALSE='#'
am__fastdepCC_TRUE=''
am__fastdepCXX_FALSE='#'
am__fastdepCXX_TRUE=''
am__include='include'
am__isrc=''
am__leading_dot='.'
am__nodep='_no'
am__quote=''
am__tar='$${TAR-tar} chof - "$$tardir"'
am__untar='$${TAR-tar} xf -'
ax_pthread_config=''
bindir='${exec_prefix}/bin'
build='i386-apple-darwin11.4.2'
build_alias=''
build_cpu='i386'
build_os='darwin11.4.2'
build_vendor='apple'
datadir='${datarootdir}'
datarootdir='${prefix}/share'
docdir='${datarootdir}/doc/${PACKAGE_TARNAME}'
dvidir='${docdir}'
exec_prefix='${prefix}'
host='i386-apple-darwin11.4.2'
host_alias=''
host_cpu='i386'
host_os='darwin11.4.2'
host_vendor='apple'
htmldir='${docdir}'
includedir='${prefix}/include'
infodir='${datarootdir}/info'
install_sh='${SHELL} /Users/mansfield/Dropbox/2013_Fall/15-498/15498_term-project/sk/sleuthkit-4.1.2/config/install-sh'
libdir='${exec_prefix}/lib'
libexecdir='${exec_prefix}/libexec'
localedir='${datarootdir}/locale'
localstatedir='${prefix}/var'
mandir='${datarootdir}/man'
mkdir_p='$(MKDIR_P)'
oldincludedir='/usr/include'
pdfdir='${docdir}'
prefix='/usr/local'
program_transform_name='s,x,x,'
psdir='${docdir}'
sbindir='${exec_prefix}/sbin'
sharedstatedir='${prefix}/com'
sysconfdir='${prefix}/etc'
target_alias=''

## ----------- ##
## confdefs.h. ##
## ----------- ##

/* confdefs.h */
#define PACKAGE_NAME "sleuthkit"
#define PACKAGE_TARNAME "sleuthkit"
#define PACKAGE_VERSION "4.1.2"
#define PACKAGE_STRING "sleuthkit 4.1.2"
#define PACKAGE_BUGREPORT ""
#define PACKAGE_URL ""
#define PACKAGE "sleuthkit"
#define VERSION "4.1.2"
#define STDC_HEADERS 1
#define HAVE_SYS_TYPES_H 1
#define HAVE_SYS_STAT_H 1
#define HAVE_STDLIB_H 1
#define HAVE_STRING_H 1
#define HAVE_MEMORY_H 1
#define HAVE_STRINGS_H 1
#define HAVE_INTTYPES_H 1
#define HAVE_STDINT_H 1
#define HAVE_UNISTD_H 1
#define HAVE_DLFCN_H 1
#define LT_OBJDIR ".libs/"
#define STDC_HEADERS 1
#define HAVE_ERR_H 1
#define HAVE_INTTYPES_H 1
#define HAVE_UNISTD_H 1
#define HAVE_STDINT_H 1
#define HAVE_SYS_PARAM_H 1
#define HAVE_SYS_RESOURCE_H 1
#define HAVE__BOOL 1
#define HAVE_STDBOOL_H 1
#define HAVE_ALLOCA_H 1
#define HAVE_ALLOCA 1
#define HAVE_FSEEKO 1
#define HAVE_SYS_SELECT_H 1
#define HAVE_SYS_SOCKET_H 1
#define SELECT_TYPE_ARG1 int
#define SELECT_TYPE_ARG234 (fd_set *)
#define SELECT_TYPE_ARG5 (struct timeval *)
#define HAVE_UTIME_H 1
#define HAVE_UTIME_NULL 1
#define HAVE_VPRINTF 1
#define HAVE_ISHEXNUMBER 1
#define HAVE_ERR 1
#define HAVE_ERRX 1
#define HAVE_WARN 1
#define HAVE_WARNX 1
#define HAVE_VASPRINTF 1
#define HAVE_GETRUSAGE 1
#define HAVE_PTHREAD 1
#define HAVE_ZLIB_H 1
#define HAVE_LIBZ 1
#define HAVE_LIBDL 1

configure: exit 0
